#
# There is insufficient memory for the Java Runtime Environment to continue.
# Native memory allocation (malloc) failed to allocate 763456 bytes for Chunk::new
# Possible reasons:
#   The system is out of physical RAM or swap space
#   The process is running with CompressedOops enabled, and the Java Heap may be blocking the growth of the native heap
# Possible solutions:
#   Reduce memory load on the system
#   Increase physical memory or swap space
#   Check if swap backing store is full
#   Decrease Java heap size (-Xmx/-Xms)
#   Decrease number of Java threads
#   Decrease Java thread stack sizes (-Xss)
#   Set larger code cache with -XX:ReservedCodeCacheSize=
#   JVM is running with Unscaled Compressed Oops mode in which the Java heap is
#     placed in the first 4GB address space. The Java Heap base address is the
#     maximum limit for the native heap growth. Please use -XX:HeapBaseMinAddress
#     to set the Java Heap base and to place the Java Heap above 4GB virtual address.
# This output file may be truncated or incomplete.
#
#  Out of Memory Error (./src/hotspot/share/memory/arena.cpp:197), pid=8556, tid=10868
#
# JRE version: OpenJDK Runtime Environment (11.0.11+9) (build 11.0.11+9-b60-7590822)
# Java VM: OpenJDK 64-Bit Server VM (11.0.11+9-b60-7590822, mixed mode, tiered, compressed oops, g1 gc, windows-amd64)
# No core dump will be written. Minidumps are not enabled by default on client versions of Windows
#

---------------  S U M M A R Y ------------

Command Line: --add-opens=java.base/java.util=ALL-UNNAMED --add-opens=java.base/java.lang=ALL-UNNAMED --add-opens=java.base/java.lang.invoke=ALL-UNNAMED --add-opens=java.base/java.util=ALL-UNNAMED --add-opens=java.prefs/java.util.prefs=ALL-UNNAMED --add-opens=java.prefs/java.util.prefs=ALL-UNNAMED --add-opens=java.base/java.nio.charset=ALL-UNNAMED --add-opens=java.base/java.net=ALL-UNNAMED --add-opens=java.base/java.util.concurrent.atomic=ALL-UNNAMED -Xmx2048m -Dfile.encoding=UTF-8 -Duser.country=US -Duser.language=en -Duser.variant org.gradle.launcher.daemon.bootstrap.GradleDaemon 7.2

Host: Intel(R) Core(TM) i5-3317U CPU @ 1.70GHz, 4 cores, 7G,  Windows 10 , 64 bit Build 19041 (10.0.19041.1466)
Time: Thu Feb  3 20:18:45 2022 Pacific Standard Time elapsed time: 33.565204 seconds (0d 0h 0m 33s)

---------------  T H R E A D  ---------------

Current thread (0x00000200b6647800):  JavaThread "C2 CompilerThread0" daemon [_thread_in_native, id=10868, stack(0x000000de23900000,0x000000de23a00000)]


Current CompileTask:
C2:  33565 11794   !   4       org.gradle.internal.classloader.CachingClassLoader::loadClass (85 bytes)

Stack: [0x000000de23900000,0x000000de23a00000]
Native frames: (J=compiled Java code, j=interpreted, Vv=VM code, C=native code)
V  [jvm.dll+0x5f214a]
V  [jvm.dll+0x726fb5]
V  [jvm.dll+0x7285cd]
V  [jvm.dll+0x728c83]
V  [jvm.dll+0x243278]
V  [jvm.dll+0xbc53c]
V  [jvm.dll+0xbca3c]
V  [jvm.dll+0x2b5c34]
V  [jvm.dll+0x508488]
V  [jvm.dll+0x1fd826]
V  [jvm.dll+0x1fb35f]
V  [jvm.dll+0x183d6c]
V  [jvm.dll+0x209a57]
V  [jvm.dll+0x2082a1]
V  [jvm.dll+0x6ef58f]
V  [jvm.dll+0x6e80b5]
V  [jvm.dll+0x5f1036]
C  [ucrtbase.dll+0x21bb2]
C  [KERNEL32.DLL+0x17034]
C  [ntdll.dll+0x52651]


---------------  P R O C E S S  ---------------

Threads class SMR info:
_java_thread_list=0x00000200bb3c7600, length=88, elements={
0x000002009ca21000, 0x00000200b6624000, 0x00000200b6629800, 0x00000200b6fb3000,
0x00000200b663d800, 0x00000200b6643800, 0x00000200b6647800, 0x00000200b6654000,
0x00000200b6657800, 0x00000200b70ef000, 0x00000200b8d96000, 0x00000200b71ca800,
0x00000200ba2a4800, 0x00000200b9c0c800, 0x00000200b8647800, 0x00000200b8dba000,
0x00000200b90d3800, 0x00000200b8a09000, 0x00000200b89c4000, 0x00000200b74cb800,
0x00000200b74cb000, 0x00000200b74c6000, 0x00000200b74c7000, 0x00000200b74cc800,
0x00000200b74c7800, 0x00000200b74c8800, 0x00000200b74c9000, 0x00000200b74ca000,
0x00000200b9132800, 0x00000200b912e800, 0x00000200b912c800, 0x00000200b9130000,
0x00000200b9133000, 0x00000200b912d800, 0x00000200b9138000, 0x00000200b9134000,
0x00000200b9135000, 0x00000200b9137800, 0x00000200b9139800, 0x00000200b913b800,
0x00000200b9136800, 0x00000200b9135800, 0x00000200b913a800, 0x00000200b9139000,
0x00000200bac86000, 0x00000200bac87800, 0x00000200bac88800, 0x00000200bac87000,
0x00000200bac89800, 0x00000200bac8b000, 0x00000200bac8a000, 0x00000200bac85000,
0x00000200bac8f000, 0x00000200bac91800, 0x00000200bac90800, 0x00000200bac8d800,
0x00000200bac90000, 0x00000200bac8e000, 0x00000200bac8c000, 0x00000200bac92800,
0x00000200bac8c800, 0x00000200bac94000, 0x00000200bac93000, 0x00000200b7e71800,
0x00000200b7e72800, 0x00000200b7e73800, 0x00000200b7e74000, 0x00000200b7e6e800,
0x00000200b7e75000, 0x00000200b7e70000, 0x00000200b7e71000, 0x00000200b7e6f000,
0x00000200b7e78000, 0x00000200b7e79000, 0x00000200b7e7a000, 0x00000200b7e7a800,
0x00000200b7e7b800, 0x00000200b7e76000, 0x00000200b7e7c800, 0x00000200b7e77800,
0x00000200bab11000, 0x00000200bab0d800, 0x00000200bab0b000, 0x00000200bab0f000,
0x00000200bab0e800, 0x00000200bab10000, 0x00000200b74f5800, 0x00000200bab11800
}

Java Threads: ( => current thread )
  0x000002009ca21000 JavaThread "main" [_thread_blocked, id=2504, stack(0x000000de22d00000,0x000000de22e00000)]
  0x00000200b6624000 JavaThread "Reference Handler" daemon [_thread_blocked, id=10284, stack(0x000000de23400000,0x000000de23500000)]
  0x00000200b6629800 JavaThread "Finalizer" daemon [_thread_blocked, id=736, stack(0x000000de23500000,0x000000de23600000)]
  0x00000200b6fb3000 JavaThread "Signal Dispatcher" daemon [_thread_blocked, id=5636, stack(0x000000de23600000,0x000000de23700000)]
  0x00000200b663d800 JavaThread "Attach Listener" daemon [_thread_blocked, id=3000, stack(0x000000de23700000,0x000000de23800000)]
  0x00000200b6643800 JavaThread "Service Thread" daemon [_thread_blocked, id=9200, stack(0x000000de23800000,0x000000de23900000)]
=>0x00000200b6647800 JavaThread "C2 CompilerThread0" daemon [_thread_in_native, id=10868, stack(0x000000de23900000,0x000000de23a00000)]
  0x00000200b6654000 JavaThread "C1 CompilerThread0" daemon [_thread_blocked, id=7228, stack(0x000000de23a00000,0x000000de23b00000)]
  0x00000200b6657800 JavaThread "Sweeper thread" daemon [_thread_blocked, id=3292, stack(0x000000de23b00000,0x000000de23c00000)]
  0x00000200b70ef000 JavaThread "Common-Cleaner" daemon [_thread_blocked, id=7968, stack(0x000000de23c00000,0x000000de23d00000)]
  0x00000200b8d96000 JavaThread "Daemon health stats" [_thread_blocked, id=4432, stack(0x000000de24100000,0x000000de24200000)]
  0x00000200b71ca800 JavaThread "Incoming local TCP Connector on port 62314" [_thread_in_native, id=6196, stack(0x000000de23e00000,0x000000de23f00000)]
  0x00000200ba2a4800 JavaThread "Daemon periodic checks" [_thread_blocked, id=6040, stack(0x000000de24200000,0x000000de24300000)]
  0x00000200b9c0c800 JavaThread "Daemon" [_thread_blocked, id=512, stack(0x000000de24300000,0x000000de24400000)]
  0x00000200b8647800 JavaThread "Handler for socket connection from /127.0.0.1:62314 to /127.0.0.1:62315" [_thread_in_native, id=11208, stack(0x000000de24400000,0x000000de24500000)]
  0x00000200b8dba000 JavaThread "Cancel handler" [_thread_blocked, id=7164, stack(0x000000de24500000,0x000000de24600000)]
  0x00000200b90d3800 JavaThread "Daemon worker" [_thread_blocked, id=9304, stack(0x000000de24600000,0x000000de24700000)]
  0x00000200b8a09000 JavaThread "Asynchronous log dispatcher for DefaultDaemonConnection: socket connection from /127.0.0.1:62314 to /127.0.0.1:62315" [_thread_blocked, id=5860, stack(0x000000de24700000,0x000000de24800000)]
  0x00000200b89c4000 JavaThread "Stdin handler" [_thread_blocked, id=1284, stack(0x000000de24800000,0x000000de24900000)]
  0x00000200b74cb800 JavaThread "Daemon client event forwarder" [_thread_blocked, id=3600, stack(0x000000de24900000,0x000000de24a00000)]
  0x00000200b74cb000 JavaThread "Cache worker for journal cache (C:\Users\Paulo Victor\.gradle\caches\journal-1)" [_thread_blocked, id=8704, stack(0x000000de24b00000,0x000000de24c00000)]
  0x00000200b74c6000 JavaThread "File lock request listener" [_thread_in_native, id=6368, stack(0x000000de24c00000,0x000000de24d00000)]
  0x00000200b74c7000 JavaThread "Cache worker for file hash cache (C:\Users\Paulo Victor\.gradle\caches\7.2\fileHashes)" [_thread_blocked, id=6940, stack(0x000000de24d00000,0x000000de24e00000)]
  0x00000200b74cc800 JavaThread "Cache worker for file hash cache (C:\DH\Doctor\.gradle\7.2\fileHashes)" [_thread_blocked, id=2068, stack(0x000000de24f00000,0x000000de25000000)]
  0x00000200b74c7800 JavaThread "File watcher server" daemon [_thread_in_native, id=3216, stack(0x000000de25000000,0x000000de25100000)]
  0x00000200b74c8800 JavaThread "File watcher consumer" daemon [_thread_blocked, id=5032, stack(0x000000de25100000,0x000000de25200000)]
  0x00000200b74c9000 JavaThread "Cache worker for checksums cache (C:\DH\Doctor\.gradle\checksums)" [_thread_blocked, id=3180, stack(0x000000de24e00000,0x000000de24f00000)]
  0x00000200b74ca000 JavaThread "Cache worker for cache directory md-supplier (C:\Users\Paulo Victor\.gradle\caches\7.2\md-supplier)" [_thread_blocked, id=6048, stack(0x000000de25200000,0x000000de25300000)]
  0x00000200b9132800 JavaThread "Cache worker for cache directory md-rule (C:\Users\Paulo Victor\.gradle\caches\7.2\md-rule)" [_thread_blocked, id=224, stack(0x000000de25400000,0x000000de25500000)]
  0x00000200b912e800 JavaThread "Cache worker for execution history cache (C:\Users\Paulo Victor\.gradle\caches\7.2\executionHistory)" [_thread_blocked, id=8204, stack(0x000000de25500000,0x000000de25600000)]
  0x00000200b912c800 JavaThread "jar transforms" [_thread_blocked, id=9640, stack(0x000000de25600000,0x000000de25700000)]
  0x00000200b9130000 JavaThread "Cache worker for file content cache (C:\Users\Paulo Victor\.gradle\caches\7.2\fileContent)" [_thread_blocked, id=7468, stack(0x000000de25700000,0x000000de25800000)]
  0x00000200b9133000 JavaThread "jar transforms Thread 2" [_thread_blocked, id=8944, stack(0x000000de25800000,0x000000de25900000)]
  0x00000200b912d800 JavaThread "Cache worker for dependencies-accessors (C:\DH\Doctor\.gradle\7.2\dependencies-accessors)" [_thread_blocked, id=3324, stack(0x000000de25900000,0x000000de25a00000)]
  0x00000200b9138000 JavaThread "jar transforms Thread 3" [_thread_blocked, id=10280, stack(0x000000de25a00000,0x000000de25b00000)]
  0x00000200b9134000 JavaThread "Cache worker for Build Output Cleanup Cache (C:\DH\Doctor\.gradle\buildOutputCleanup)" [_thread_in_native, id=544, stack(0x000000de25b00000,0x000000de25c00000)]
  0x00000200b9135000 JavaThread "Unconstrained build operations" [_thread_blocked, id=7548, stack(0x000000de25c00000,0x000000de25d00000)]
  0x00000200b9137800 JavaThread "Unconstrained build operations Thread 2" [_thread_blocked, id=2284, stack(0x000000de25d00000,0x000000de25e00000)]
  0x00000200b9139800 JavaThread "Unconstrained build operations Thread 3" [_thread_blocked, id=8520, stack(0x000000de25e00000,0x000000de25f00000)]
  0x00000200b913b800 JavaThread "Unconstrained build operations Thread 4" [_thread_blocked, id=6496, stack(0x000000de25f00000,0x000000de26000000)]
  0x00000200b9136800 JavaThread "Unconstrained build operations Thread 5" [_thread_blocked, id=10704, stack(0x000000de26000000,0x000000de26100000)]
  0x00000200b9135800 JavaThread "Unconstrained build operations Thread 6" [_thread_blocked, id=7176, stack(0x000000de26100000,0x000000de26200000)]
  0x00000200b913a800 JavaThread "Unconstrained build operations Thread 7" [_thread_blocked, id=4132, stack(0x000000de26200000,0x000000de26300000)]
  0x00000200b9139000 JavaThread "Unconstrained build operations Thread 8" [_thread_blocked, id=9956, stack(0x000000de26300000,0x000000de26400000)]
  0x00000200bac86000 JavaThread "Unconstrained build operations Thread 9" [_thread_blocked, id=6796, stack(0x000000de26400000,0x000000de26500000)]
  0x00000200bac87800 JavaThread "Unconstrained build operations Thread 10" [_thread_blocked, id=6232, stack(0x000000de26500000,0x000000de26600000)]
  0x00000200bac88800 JavaThread "Unconstrained build operations Thread 11" [_thread_blocked, id=10364, stack(0x000000de26600000,0x000000de26700000)]
  0x00000200bac87000 JavaThread "Unconstrained build operations Thread 12" [_thread_blocked, id=9268, stack(0x000000de26700000,0x000000de26800000)]
  0x00000200bac89800 JavaThread "Unconstrained build operations Thread 13" [_thread_blocked, id=2024, stack(0x000000de26800000,0x000000de26900000)]
  0x00000200bac8b000 JavaThread "Unconstrained build operations Thread 14" [_thread_blocked, id=868, stack(0x000000de26900000,0x000000de26a00000)]
  0x00000200bac8a000 JavaThread "Unconstrained build operations Thread 15" [_thread_blocked, id=10912, stack(0x000000de26a00000,0x000000de26b00000)]
  0x00000200bac85000 JavaThread "Unconstrained build operations Thread 16" [_thread_in_Java, id=3220, stack(0x000000de26b00000,0x000000de26c00000)]
  0x00000200bac8f000 JavaThread "Unconstrained build operations Thread 17" [_thread_blocked, id=9184, stack(0x000000de26c00000,0x000000de26d00000)]
  0x00000200bac91800 JavaThread "Unconstrained build operations Thread 18" [_thread_blocked, id=6852, stack(0x000000de26d00000,0x000000de26e00000)]
  0x00000200bac90800 JavaThread "Unconstrained build operations Thread 19" [_thread_blocked, id=9632, stack(0x000000de26e00000,0x000000de26f00000)]
  0x00000200bac8d800 JavaThread "Unconstrained build operations Thread 20" [_thread_blocked, id=10356, stack(0x000000de26f00000,0x000000de27000000)]
  0x00000200bac90000 JavaThread "Unconstrained build operations Thread 21" [_thread_blocked, id=8736, stack(0x000000de27000000,0x000000de27100000)]
  0x00000200bac8e000 JavaThread "Unconstrained build operations Thread 22" [_thread_blocked, id=4356, stack(0x000000de27100000,0x000000de27200000)]
  0x00000200bac8c000 JavaThread "Unconstrained build operations Thread 23" [_thread_blocked, id=32, stack(0x000000de27200000,0x000000de27300000)]
  0x00000200bac92800 JavaThread "Unconstrained build operations Thread 24" [_thread_blocked, id=3036, stack(0x000000de27300000,0x000000de27400000)]
  0x00000200bac8c800 JavaThread "Unconstrained build operations Thread 25" [_thread_blocked, id=3664, stack(0x000000de27400000,0x000000de27500000)]
  0x00000200bac94000 JavaThread "Unconstrained build operations Thread 26" [_thread_blocked, id=6148, stack(0x000000de27500000,0x000000de27600000)]
  0x00000200bac93000 JavaThread "Unconstrained build operations Thread 27" [_thread_blocked, id=6772, stack(0x000000de27600000,0x000000de27700000)]
  0x00000200b7e71800 JavaThread "Unconstrained build operations Thread 28" [_thread_blocked, id=10140, stack(0x000000de27700000,0x000000de27800000)]
  0x00000200b7e72800 JavaThread "Unconstrained build operations Thread 29" [_thread_in_native, id=7576, stack(0x000000de27800000,0x000000de27900000)]
  0x00000200b7e73800 JavaThread "Unconstrained build operations Thread 30" [_thread_blocked, id=9816, stack(0x000000de27900000,0x000000de27a00000)]
  0x00000200b7e74000 JavaThread "Unconstrained build operations Thread 31" [_thread_blocked, id=11040, stack(0x000000de27a00000,0x000000de27b00000)]
  0x00000200b7e6e800 JavaThread "Unconstrained build operations Thread 32" [_thread_blocked, id=8396, stack(0x000000de27b00000,0x000000de27c00000)]
  0x00000200b7e75000 JavaThread "Unconstrained build operations Thread 33" [_thread_blocked, id=10744, stack(0x000000de27c00000,0x000000de27d00000)]
  0x00000200b7e70000 JavaThread "Unconstrained build operations Thread 34" [_thread_blocked, id=9048, stack(0x000000de27d00000,0x000000de27e00000)]
  0x00000200b7e71000 JavaThread "Unconstrained build operations Thread 35" [_thread_blocked, id=6568, stack(0x000000de27e00000,0x000000de27f00000)]
  0x00000200b7e6f000 JavaThread "Unconstrained build operations Thread 36" [_thread_blocked, id=3964, stack(0x000000de27f00000,0x000000de28000000)]
  0x00000200b7e78000 JavaThread "Unconstrained build operations Thread 37" [_thread_blocked, id=1912, stack(0x000000de28000000,0x000000de28100000)]
  0x00000200b7e79000 JavaThread "Unconstrained build operations Thread 38" [_thread_blocked, id=2524, stack(0x000000de28100000,0x000000de28200000)]
  0x00000200b7e7a000 JavaThread "Unconstrained build operations Thread 39" [_thread_blocked, id=8872, stack(0x000000de28200000,0x000000de28300000)]
  0x00000200b7e7a800 JavaThread "Unconstrained build operations Thread 40" [_thread_blocked, id=8240, stack(0x000000de28300000,0x000000de28400000)]
  0x00000200b7e7b800 JavaThread "jar transforms Thread 4" [_thread_blocked, id=3912, stack(0x000000de28400000,0x000000de28500000)]
  0x00000200b7e76000 JavaThread "Memory manager" [_thread_blocked, id=2808, stack(0x000000de28500000,0x000000de28600000)]
  0x00000200b7e7c800 JavaThread "build event listener" [_thread_blocked, id=4404, stack(0x000000de28600000,0x000000de28700000)]
  0x00000200b7e77800 JavaThread "build event listener" [_thread_blocked, id=3564, stack(0x000000de28700000,0x000000de28800000)]
  0x00000200bab11000 JavaThread "pool-3-thread-1" [_thread_blocked, id=6688, stack(0x000000de28800000,0x000000de28900000)]
  0x00000200bab0d800 JavaThread "build event listener" [_thread_blocked, id=3208, stack(0x000000de28900000,0x000000de28a00000)]
  0x00000200bab0b000 JavaThread "Execution worker for ':'" [_thread_blocked, id=11128, stack(0x000000de28a00000,0x000000de28b00000)]
  0x00000200bab0f000 JavaThread "Execution worker for ':' Thread 2" [_thread_blocked, id=4588, stack(0x000000de28b00000,0x000000de28c00000)]
  0x00000200bab0e800 JavaThread "Execution worker for ':' Thread 3" [_thread_blocked, id=1884, stack(0x000000de28c00000,0x000000de28d00000)]
  0x00000200bab10000 JavaThread "Cache worker for execution history cache (C:\DH\Doctor\.gradle\7.2\executionHistory)" [_thread_blocked, id=6592, stack(0x000000de28d00000,0x000000de28e00000)]
  0x00000200b74f5800 JavaThread "C2 CompilerThread1" daemon [_thread_in_native, id=10760, stack(0x000000de25300000,0x000000de25400000)]
  0x00000200bab11800 JavaThread "WorkerExecutor Queue" [_thread_blocked, id=1492, stack(0x000000de28e00000,0x000000de28f00000)]

Other Threads:
  0x00000200b6620000 VMThread "VM Thread" [stack: 0x000000de23300000,0x000000de23400000] [id=3692]
  0x00000200b711a000 WatcherThread [stack: 0x000000de23d00000,0x000000de23e00000] [id=10004]
  0x000002009ca3a000 GCTaskThread "GC Thread#0" [stack: 0x000000de22e00000,0x000000de22f00000] [id=3888]
  0x00000200b72b5800 GCTaskThread "GC Thread#1" [stack: 0x000000de23f00000,0x000000de24000000] [id=10180]
  0x00000200b7b53000 GCTaskThread "GC Thread#2" [stack: 0x000000de24000000,0x000000de24100000] [id=8916]
  0x00000200b89c4800 GCTaskThread "GC Thread#3" [stack: 0x000000de24a00000,0x000000de24b00000] [id=10980]
  0x000002009ca6c000 ConcurrentGCThread "G1 Main Marker" [stack: 0x000000de22f00000,0x000000de23000000] [id=9832]
  0x000002009ca6d800 ConcurrentGCThread "G1 Conc#0" [stack: 0x000000de23000000,0x000000de23100000] [id=6476]
  0x00000200b6472800 ConcurrentGCThread "G1 Refine#0" [stack: 0x000000de23100000,0x000000de23200000] [id=9160]
  0x00000200b6473000 ConcurrentGCThread "G1 Young RemSet Sampling" [stack: 0x000000de23200000,0x000000de23300000] [id=4428]

Threads with active compile tasks:
C2 CompilerThread0  33680 11794   !   4       org.gradle.internal.classloader.CachingClassLoader::loadClass (85 bytes)
C2 CompilerThread1  33680 11788   !   4       java.util.concurrent.ArrayBlockingQueue::poll (83 bytes)

VM state:not at safepoint (normal execution)

VM Mutex/Monitor currently owned by a thread: None

OutOfMemory and StackOverflow Exception counts:
OutOfMemoryError java_heap_errors=1
LinkageErrors=118

Heap address: 0x0000000080000000, size: 2048 MB, Compressed Oops mode: 32-bit
Narrow klass base: 0x0000000000000000, Narrow klass shift: 3
Compressed class space size: 1073741824 Address: 0x0000000100000000

Heap:
 garbage-first heap   total 189440K, used 107324K [0x0000000080000000, 0x0000000100000000)
  region size 1024K, 22 young (22528K), 9 survivors (9216K)
 Metaspace       used 98103K, capacity 100383K, committed 100480K, reserved 1136640K
  class space    used 12627K, capacity 13495K, committed 13516K, reserved 1048576K
Heap Regions: E=young(eden), S=young(survivor), O=old, HS=humongous(starts), HC=humongous(continues), CS=collection set, F=free, A=archive, TAMS=top-at-mark-start (previous, next)
|   0|0x0000000080000000, 0x0000000080100000, 0x0000000080100000|100%|HS|  |TAMS 0x0000000080100000, 0x0000000080100000| Complete 
|   1|0x0000000080100000, 0x0000000080200000, 0x0000000080200000|100%|HC|  |TAMS 0x0000000080200000, 0x0000000080200000| Complete 
|   2|0x0000000080200000, 0x0000000080300000, 0x0000000080300000|100%|HC|  |TAMS 0x0000000080300000, 0x0000000080300000| Complete 
|   3|0x0000000080300000, 0x0000000080400000, 0x0000000080400000|100%| O|  |TAMS 0x0000000080400000, 0x0000000080400000| Untracked 
|   4|0x0000000080400000, 0x0000000080500000, 0x0000000080500000|100%| O|  |TAMS 0x0000000080500000, 0x0000000080500000| Untracked 
|   5|0x0000000080500000, 0x0000000080600000, 0x0000000080600000|100%| O|  |TAMS 0x0000000080600000, 0x0000000080600000| Untracked 
|   6|0x0000000080600000, 0x0000000080700000, 0x0000000080700000|100%| O|  |TAMS 0x0000000080700000, 0x0000000080700000| Untracked 
|   7|0x0000000080700000, 0x0000000080800000, 0x0000000080800000|100%| O|  |TAMS 0x0000000080800000, 0x0000000080800000| Untracked 
|   8|0x0000000080800000, 0x0000000080900000, 0x0000000080900000|100%| O|  |TAMS 0x0000000080900000, 0x0000000080900000| Untracked 
|   9|0x0000000080900000, 0x0000000080a00000, 0x0000000080a00000|100%| O|  |TAMS 0x0000000080a00000, 0x0000000080a00000| Untracked 
|  10|0x0000000080a00000, 0x0000000080b00000, 0x0000000080b00000|100%| O|  |TAMS 0x0000000080b00000, 0x0000000080b00000| Untracked 
|  11|0x0000000080b00000, 0x0000000080c00000, 0x0000000080c00000|100%| O|  |TAMS 0x0000000080c00000, 0x0000000080c00000| Untracked 
|  12|0x0000000080c00000, 0x0000000080d00000, 0x0000000080d00000|100%| O|  |TAMS 0x0000000080d00000, 0x0000000080d00000| Untracked 
|  13|0x0000000080d00000, 0x0000000080e00000, 0x0000000080e00000|100%| O|  |TAMS 0x0000000080e00000, 0x0000000080e00000| Untracked 
|  14|0x0000000080e00000, 0x0000000080f00000, 0x0000000080f00000|100%| O|  |TAMS 0x0000000080f00000, 0x0000000080f00000| Untracked 
|  15|0x0000000080f00000, 0x0000000081000000, 0x0000000081000000|100%| O|  |TAMS 0x0000000081000000, 0x0000000081000000| Untracked 
|  16|0x0000000081000000, 0x0000000081100000, 0x0000000081100000|100%|HS|  |TAMS 0x0000000081100000, 0x0000000081100000| Complete 
|  17|0x0000000081100000, 0x0000000081200000, 0x0000000081200000|100%| O|  |TAMS 0x0000000081200000, 0x0000000081200000| Untracked 
|  18|0x0000000081200000, 0x0000000081300000, 0x0000000081300000|100%| O|  |TAMS 0x0000000081300000, 0x0000000081300000| Untracked 
|  19|0x0000000081300000, 0x0000000081400000, 0x0000000081400000|100%| O|  |TAMS 0x0000000081400000, 0x0000000081400000| Untracked 
|  20|0x0000000081400000, 0x0000000081500000, 0x0000000081500000|100%| O|  |TAMS 0x0000000081500000, 0x0000000081500000| Untracked 
|  21|0x0000000081500000, 0x0000000081600000, 0x0000000081600000|100%| O|  |TAMS 0x0000000081600000, 0x0000000081600000| Untracked 
|  22|0x0000000081600000, 0x0000000081700000, 0x0000000081700000|100%| O|  |TAMS 0x0000000081700000, 0x0000000081700000| Untracked 
|  23|0x0000000081700000, 0x0000000081800000, 0x0000000081800000|100%|HS|  |TAMS 0x0000000081800000, 0x0000000081800000| Complete 
|  24|0x0000000081800000, 0x0000000081900000, 0x0000000081900000|100%|HS|  |TAMS 0x0000000081900000, 0x0000000081900000| Complete 
|  25|0x0000000081900000, 0x0000000081a00000, 0x0000000081a00000|100%|HS|  |TAMS 0x0000000081a00000, 0x0000000081a00000| Complete 
|  26|0x0000000081a00000, 0x0000000081b00000, 0x0000000081b00000|100%|HS|  |TAMS 0x0000000081b00000, 0x0000000081b00000| Complete 
|  27|0x0000000081b00000, 0x0000000081c00000, 0x0000000081c00000|100%|HC|  |TAMS 0x0000000081c00000, 0x0000000081c00000| Complete 
|  28|0x0000000081c00000, 0x0000000081d00000, 0x0000000081d00000|100%|HC|  |TAMS 0x0000000081d00000, 0x0000000081d00000| Complete 
|  29|0x0000000081d00000, 0x0000000081e00000, 0x0000000081e00000|100%|HS|  |TAMS 0x0000000081e00000, 0x0000000081e00000| Complete 
|  30|0x0000000081e00000, 0x0000000081f00000, 0x0000000081f00000|100%|HC|  |TAMS 0x0000000081f00000, 0x0000000081f00000| Complete 
|  31|0x0000000081f00000, 0x0000000082000000, 0x0000000082000000|100%| O|  |TAMS 0x0000000082000000, 0x0000000082000000| Untracked 
|  32|0x0000000082000000, 0x0000000082100000, 0x0000000082100000|100%| O|  |TAMS 0x0000000082100000, 0x0000000082100000| Untracked 
|  33|0x0000000082100000, 0x0000000082200000, 0x0000000082200000|100%| O|  |TAMS 0x0000000082200000, 0x0000000082200000| Untracked 
|  34|0x0000000082200000, 0x0000000082300000, 0x0000000082300000|100%| O|  |TAMS 0x0000000082300000, 0x0000000082300000| Untracked 
|  35|0x0000000082300000, 0x0000000082400000, 0x0000000082400000|100%| O|  |TAMS 0x0000000082400000, 0x0000000082400000| Untracked 
|  36|0x0000000082400000, 0x0000000082500000, 0x0000000082500000|100%| O|  |TAMS 0x0000000082500000, 0x0000000082500000| Untracked 
|  37|0x0000000082500000, 0x0000000082600000, 0x0000000082600000|100%| O|  |TAMS 0x0000000082600000, 0x0000000082600000| Untracked 
|  38|0x0000000082600000, 0x0000000082700000, 0x0000000082700000|100%| O|  |TAMS 0x0000000082700000, 0x0000000082700000| Untracked 
|  39|0x0000000082700000, 0x0000000082800000, 0x0000000082800000|100%| O|  |TAMS 0x0000000082800000, 0x0000000082800000| Untracked 
|  40|0x0000000082800000, 0x0000000082900000, 0x0000000082900000|100%| O|  |TAMS 0x0000000082900000, 0x0000000082900000| Untracked 
|  41|0x0000000082900000, 0x0000000082a00000, 0x0000000082a00000|100%| O|  |TAMS 0x0000000082a00000, 0x0000000082a00000| Untracked 
|  42|0x0000000082a00000, 0x0000000082b00000, 0x0000000082b00000|100%| O|  |TAMS 0x0000000082b00000, 0x0000000082b00000| Untracked 
|  43|0x0000000082b00000, 0x0000000082c00000, 0x0000000082c00000|100%| O|  |TAMS 0x0000000082c00000, 0x0000000082c00000| Untracked 
|  44|0x0000000082c00000, 0x0000000082d00000, 0x0000000082d00000|100%| O|  |TAMS 0x0000000082ca5a00, 0x0000000082d00000| Untracked 
|  45|0x0000000082d00000, 0x0000000082e00000, 0x0000000082e00000|100%| O|  |TAMS 0x0000000082e00000, 0x0000000082e00000| Untracked 
|  46|0x0000000082e00000, 0x0000000082f00000, 0x0000000082f00000|100%| O|  |TAMS 0x0000000082f00000, 0x0000000082f00000| Untracked 
|  47|0x0000000082f00000, 0x0000000083000000, 0x0000000083000000|100%| O|  |TAMS 0x0000000083000000, 0x0000000083000000| Untracked 
|  48|0x0000000083000000, 0x0000000083100000, 0x0000000083100000|100%| O|  |TAMS 0x0000000083100000, 0x0000000083100000| Untracked 
|  49|0x0000000083100000, 0x0000000083200000, 0x0000000083200000|100%| O|  |TAMS 0x0000000083100000, 0x0000000083200000| Untracked 
|  50|0x0000000083200000, 0x0000000083300000, 0x0000000083300000|100%| O|  |TAMS 0x0000000083200000, 0x0000000083300000| Untracked 
|  51|0x0000000083300000, 0x0000000083400000, 0x0000000083400000|100%| O|  |TAMS 0x0000000083300000, 0x0000000083400000| Untracked 
|  52|0x0000000083400000, 0x0000000083500000, 0x0000000083500000|100%| O|  |TAMS 0x0000000083400000, 0x0000000083500000| Untracked 
|  53|0x0000000083500000, 0x0000000083600000, 0x0000000083600000|100%| O|  |TAMS 0x0000000083500000, 0x0000000083600000| Untracked 
|  54|0x0000000083600000, 0x0000000083700000, 0x0000000083700000|100%| O|  |TAMS 0x0000000083600000, 0x0000000083700000| Untracked 
|  55|0x0000000083700000, 0x0000000083800000, 0x0000000083800000|100%| O|  |TAMS 0x0000000083700000, 0x0000000083800000| Untracked 
|  56|0x0000000083800000, 0x0000000083900000, 0x0000000083900000|100%| O|  |TAMS 0x0000000083900000, 0x0000000083900000| Untracked 
|  57|0x0000000083900000, 0x0000000083a00000, 0x0000000083a00000|100%| O|  |TAMS 0x0000000083a00000, 0x0000000083a00000| Untracked 
|  58|0x0000000083a00000, 0x0000000083b00000, 0x0000000083b00000|100%| O|  |TAMS 0x0000000083b00000, 0x0000000083b00000| Untracked 
|  59|0x0000000083b00000, 0x0000000083c00000, 0x0000000083c00000|100%| O|  |TAMS 0x0000000083b00000, 0x0000000083c00000| Untracked 
|  60|0x0000000083c00000, 0x0000000083d00000, 0x0000000083d00000|100%| O|  |TAMS 0x0000000083c00000, 0x0000000083d00000| Untracked 
|  61|0x0000000083d00000, 0x0000000083e00000, 0x0000000083e00000|100%| O|  |TAMS 0x0000000083d00000, 0x0000000083e00000| Untracked 
|  62|0x0000000083e00000, 0x0000000083f00000, 0x0000000083f00000|100%| O|  |TAMS 0x0000000083e00000, 0x0000000083f00000| Untracked 
|  63|0x0000000083f00000, 0x0000000084000000, 0x0000000084000000|100%| O|  |TAMS 0x0000000083f00000, 0x0000000084000000| Untracked 
|  64|0x0000000084000000, 0x0000000084100000, 0x0000000084100000|100%| O|  |TAMS 0x0000000084000000, 0x0000000084100000| Untracked 
|  65|0x0000000084100000, 0x0000000084200000, 0x0000000084200000|100%| O|  |TAMS 0x0000000084100000, 0x0000000084200000| Untracked 
|  66|0x0000000084200000, 0x0000000084300000, 0x0000000084300000|100%| O|  |TAMS 0x0000000084200000, 0x0000000084300000| Untracked 
|  67|0x0000000084300000, 0x0000000084400000, 0x0000000084400000|100%| O|  |TAMS 0x0000000084300000, 0x0000000084400000| Untracked 
|  68|0x0000000084400000, 0x0000000084500000, 0x0000000084500000|100%| O|  |TAMS 0x0000000084400000, 0x0000000084500000| Untracked 
|  69|0x0000000084500000, 0x0000000084600000, 0x0000000084600000|100%| O|  |TAMS 0x0000000084500000, 0x0000000084600000| Untracked 
|  70|0x0000000084600000, 0x0000000084700000, 0x0000000084700000|100%| O|  |TAMS 0x0000000084600000, 0x0000000084700000| Untracked 
|  71|0x0000000084700000, 0x0000000084800000, 0x0000000084800000|100%| O|  |TAMS 0x0000000084700000, 0x0000000084800000| Untracked 
|  72|0x0000000084800000, 0x0000000084900000, 0x0000000084900000|100%| O|  |TAMS 0x0000000084800000, 0x0000000084900000| Untracked 
|  73|0x0000000084900000, 0x0000000084a00000, 0x0000000084a00000|100%| O|  |TAMS 0x0000000084900000, 0x0000000084a00000| Untracked 
|  74|0x0000000084a00000, 0x0000000084b00000, 0x0000000084b00000|100%| O|  |TAMS 0x0000000084a00000, 0x0000000084b00000| Untracked 
|  75|0x0000000084b00000, 0x0000000084c00000, 0x0000000084c00000|100%| O|  |TAMS 0x0000000084b00000, 0x0000000084c00000| Untracked 
|  76|0x0000000084c00000, 0x0000000084d00000, 0x0000000084d00000|100%| O|  |TAMS 0x0000000084c00000, 0x0000000084d00000| Untracked 
|  77|0x0000000084d00000, 0x0000000084e00000, 0x0000000084e00000|100%| O|  |TAMS 0x0000000084d00000, 0x0000000084e00000| Untracked 
|  78|0x0000000084e00000, 0x0000000084f00000, 0x0000000084f00000|100%| O|  |TAMS 0x0000000084e00000, 0x0000000084f00000| Untracked 
|  79|0x0000000084f00000, 0x0000000085000000, 0x0000000085000000|100%| O|  |TAMS 0x0000000084f00000, 0x0000000085000000| Untracked 
|  80|0x0000000085000000, 0x0000000085100000, 0x0000000085100000|100%| O|  |TAMS 0x0000000085000000, 0x0000000085100000| Untracked 
|  81|0x0000000085100000, 0x0000000085200000, 0x0000000085200000|100%| O|  |TAMS 0x0000000085100000, 0x0000000085200000| Untracked 
|  82|0x0000000085200000, 0x0000000085300000, 0x0000000085300000|100%| O|  |TAMS 0x0000000085200000, 0x0000000085300000| Untracked 
|  83|0x0000000085300000, 0x0000000085400000, 0x0000000085400000|100%| O|  |TAMS 0x0000000085300000, 0x0000000085400000| Untracked 
|  84|0x0000000085400000, 0x00000000854cf200, 0x0000000085500000| 80%| O|  |TAMS 0x0000000085400000, 0x00000000854cf200| Untracked 
|  85|0x0000000085500000, 0x0000000085500000, 0x0000000085600000|  0%| F|  |TAMS 0x0000000085500000, 0x0000000085500000| Untracked 
|  86|0x0000000085600000, 0x0000000085600000, 0x0000000085700000|  0%| F|  |TAMS 0x0000000085600000, 0x0000000085600000| Untracked 
|  87|0x0000000085700000, 0x0000000085700000, 0x0000000085800000|  0%| F|  |TAMS 0x0000000085700000, 0x0000000085700000| Untracked 
|  88|0x0000000085800000, 0x0000000085800000, 0x0000000085900000|  0%| F|  |TAMS 0x0000000085800000, 0x0000000085800000| Untracked 
|  89|0x0000000085900000, 0x0000000085900000, 0x0000000085a00000|  0%| F|  |TAMS 0x0000000085900000, 0x0000000085900000| Untracked 
|  90|0x0000000085a00000, 0x0000000085a00000, 0x0000000085b00000|  0%| F|  |TAMS 0x0000000085a00000, 0x0000000085a00000| Untracked 
|  91|0x0000000085b00000, 0x0000000085b00000, 0x0000000085c00000|  0%| F|  |TAMS 0x0000000085b00000, 0x0000000085b00000| Untracked 
|  92|0x0000000085c00000, 0x0000000085c00000, 0x0000000085d00000|  0%| F|  |TAMS 0x0000000085c00000, 0x0000000085c00000| Untracked 
|  93|0x0000000085d00000, 0x0000000085d00000, 0x0000000085e00000|  0%| F|  |TAMS 0x0000000085d00000, 0x0000000085d00000| Untracked 
|  94|0x0000000085e00000, 0x0000000085e00000, 0x0000000085f00000|  0%| F|  |TAMS 0x0000000085e00000, 0x0000000085e00000| Untracked 
|  95|0x0000000085f00000, 0x0000000085f00000, 0x0000000086000000|  0%| F|  |TAMS 0x0000000085f00000, 0x0000000085f00000| Untracked 
|  96|0x0000000086000000, 0x0000000086000000, 0x0000000086100000|  0%| F|  |TAMS 0x0000000086000000, 0x0000000086000000| Untracked 
|  97|0x0000000086100000, 0x0000000086100000, 0x0000000086200000|  0%| F|  |TAMS 0x0000000086100000, 0x0000000086100000| Untracked 
|  98|0x0000000086200000, 0x0000000086200000, 0x0000000086300000|  0%| F|  |TAMS 0x0000000086200000, 0x0000000086200000| Untracked 
|  99|0x0000000086300000, 0x0000000086300000, 0x0000000086400000|  0%| F|  |TAMS 0x0000000086300000, 0x0000000086300000| Untracked 
| 100|0x0000000086400000, 0x0000000086400000, 0x0000000086500000|  0%| F|  |TAMS 0x0000000086400000, 0x0000000086400000| Untracked 
| 101|0x0000000086500000, 0x0000000086500000, 0x0000000086600000|  0%| F|  |TAMS 0x0000000086500000, 0x0000000086500000| Untracked 
| 102|0x0000000086600000, 0x0000000086600000, 0x0000000086700000|  0%| F|  |TAMS 0x0000000086600000, 0x0000000086600000| Untracked 
| 103|0x0000000086700000, 0x0000000086700000, 0x0000000086800000|  0%| F|  |TAMS 0x0000000086700000, 0x0000000086700000| Untracked 
| 104|0x0000000086800000, 0x0000000086800000, 0x0000000086900000|  0%| F|  |TAMS 0x0000000086800000, 0x0000000086800000| Untracked 
| 105|0x0000000086900000, 0x0000000086900000, 0x0000000086a00000|  0%| F|  |TAMS 0x0000000086900000, 0x0000000086900000| Untracked 
| 106|0x0000000086a00000, 0x0000000086a00000, 0x0000000086b00000|  0%| F|  |TAMS 0x0000000086a00000, 0x0000000086a00000| Untracked 
| 107|0x0000000086b00000, 0x0000000086b00000, 0x0000000086c00000|  0%| F|  |TAMS 0x0000000086b00000, 0x0000000086b00000| Untracked 
| 108|0x0000000086c00000, 0x0000000086d00000, 0x0000000086d00000|100%| S|CS|TAMS 0x0000000086c00000, 0x0000000086c00000| Complete 
| 109|0x0000000086d00000, 0x0000000086e00000, 0x0000000086e00000|100%| S|CS|TAMS 0x0000000086d00000, 0x0000000086d00000| Complete 
| 110|0x0000000086e00000, 0x0000000086f00000, 0x0000000086f00000|100%| S|CS|TAMS 0x0000000086e00000, 0x0000000086e00000| Complete 
| 111|0x0000000086f00000, 0x0000000087000000, 0x0000000087000000|100%| S|CS|TAMS 0x0000000086f00000, 0x0000000086f00000| Complete 
| 112|0x0000000087000000, 0x0000000087000000, 0x0000000087100000|  0%| F|  |TAMS 0x0000000087000000, 0x0000000087000000| Untracked 
| 113|0x0000000087100000, 0x0000000087200000, 0x0000000087200000|100%| S|CS|TAMS 0x0000000087100000, 0x0000000087100000| Complete 
| 114|0x0000000087200000, 0x0000000087300000, 0x0000000087300000|100%| S|CS|TAMS 0x0000000087200000, 0x0000000087200000| Complete 
| 115|0x0000000087300000, 0x0000000087400000, 0x0000000087400000|100%| S|CS|TAMS 0x0000000087300000, 0x0000000087300000| Complete 
| 116|0x0000000087400000, 0x0000000087500000, 0x0000000087500000|100%| S|CS|TAMS 0x0000000087400000, 0x0000000087400000| Complete 
| 117|0x0000000087500000, 0x0000000087600000, 0x0000000087600000|100%| S|CS|TAMS 0x0000000087500000, 0x0000000087500000| Complete 
| 118|0x0000000087600000, 0x0000000087600000, 0x0000000087700000|  0%| F|  |TAMS 0x0000000087600000, 0x0000000087600000| Untracked 
| 119|0x0000000087700000, 0x0000000087700000, 0x0000000087800000|  0%| F|  |TAMS 0x0000000087700000, 0x0000000087700000| Untracked 
| 120|0x0000000087800000, 0x0000000087800000, 0x0000000087900000|  0%| F|  |TAMS 0x0000000087800000, 0x0000000087800000| Untracked 
| 121|0x0000000087900000, 0x0000000087900000, 0x0000000087a00000|  0%| F|  |TAMS 0x0000000087900000, 0x0000000087900000| Untracked 
| 122|0x0000000087a00000, 0x0000000087a00000, 0x0000000087b00000|  0%| F|  |TAMS 0x0000000087a00000, 0x0000000087a00000| Untracked 
| 123|0x0000000087b00000, 0x0000000087b00000, 0x0000000087c00000|  0%| F|  |TAMS 0x0000000087b00000, 0x0000000087b00000| Untracked 
| 124|0x0000000087c00000, 0x0000000087c00000, 0x0000000087d00000|  0%| F|  |TAMS 0x0000000087c00000, 0x0000000087c00000| Untracked 
| 125|0x0000000087d00000, 0x0000000087d00000, 0x0000000087e00000|  0%| F|  |TAMS 0x0000000087d00000, 0x0000000087d00000| Untracked 
| 126|0x0000000087e00000, 0x0000000087e00000, 0x0000000087f00000|  0%| F|  |TAMS 0x0000000087e00000, 0x0000000087e00000| Untracked 
| 127|0x0000000087f00000, 0x0000000087f00000, 0x0000000088000000|  0%| F|  |TAMS 0x0000000087f00000, 0x0000000087f00000| Untracked 
| 128|0x0000000088000000, 0x0000000088000000, 0x0000000088100000|  0%| F|  |TAMS 0x0000000088000000, 0x0000000088000000| Untracked 
| 129|0x0000000088100000, 0x0000000088100000, 0x0000000088200000|  0%| F|  |TAMS 0x0000000088100000, 0x0000000088100000| Untracked 
| 130|0x0000000088200000, 0x0000000088200000, 0x0000000088300000|  0%| F|  |TAMS 0x0000000088200000, 0x0000000088200000| Untracked 
| 131|0x0000000088300000, 0x0000000088300000, 0x0000000088400000|  0%| F|  |TAMS 0x0000000088300000, 0x0000000088300000| Untracked 
| 132|0x0000000088400000, 0x0000000088400000, 0x0000000088500000|  0%| F|  |TAMS 0x0000000088400000, 0x0000000088400000| Untracked 
| 133|0x0000000088500000, 0x0000000088500000, 0x0000000088600000|  0%| F|  |TAMS 0x0000000088500000, 0x0000000088500000| Untracked 
| 134|0x0000000088600000, 0x0000000088600000, 0x0000000088700000|  0%| F|  |TAMS 0x0000000088600000, 0x0000000088600000| Untracked 
| 135|0x0000000088700000, 0x0000000088700000, 0x0000000088800000|  0%| F|  |TAMS 0x0000000088700000, 0x0000000088700000| Untracked 
| 136|0x0000000088800000, 0x0000000088800000, 0x0000000088900000|  0%| F|  |TAMS 0x0000000088800000, 0x0000000088800000| Untracked 
| 137|0x0000000088900000, 0x0000000088900000, 0x0000000088a00000|  0%| F|  |TAMS 0x0000000088900000, 0x0000000088900000| Untracked 
| 138|0x0000000088a00000, 0x0000000088a00000, 0x0000000088b00000|  0%| F|  |TAMS 0x0000000088a00000, 0x0000000088a00000| Untracked 
| 139|0x0000000088b00000, 0x0000000088b00000, 0x0000000088c00000|  0%| F|  |TAMS 0x0000000088b00000, 0x0000000088b00000| Untracked 
| 140|0x0000000088c00000, 0x0000000088c00000, 0x0000000088d00000|  0%| F|  |TAMS 0x0000000088c00000, 0x0000000088c00000| Untracked 
| 141|0x0000000088d00000, 0x0000000088d00000, 0x0000000088e00000|  0%| F|  |TAMS 0x0000000088d00000, 0x0000000088d00000| Untracked 
| 142|0x0000000088e00000, 0x0000000088e00000, 0x0000000088f00000|  0%| F|  |TAMS 0x0000000088e00000, 0x0000000088e00000| Untracked 
| 143|0x0000000088f00000, 0x0000000088f00000, 0x0000000089000000|  0%| F|  |TAMS 0x0000000088f00000, 0x0000000088f00000| Untracked 
| 144|0x0000000089000000, 0x0000000089000000, 0x0000000089100000|  0%| F|  |TAMS 0x0000000089000000, 0x0000000089000000| Untracked 
| 145|0x0000000089100000, 0x0000000089100000, 0x0000000089200000|  0%| F|  |TAMS 0x0000000089100000, 0x0000000089100000| Untracked 
| 146|0x0000000089200000, 0x0000000089200000, 0x0000000089300000|  0%| F|  |TAMS 0x0000000089200000, 0x0000000089200000| Untracked 
| 147|0x0000000089300000, 0x0000000089300000, 0x0000000089400000|  0%| F|  |TAMS 0x0000000089300000, 0x0000000089300000| Untracked 
| 148|0x0000000089400000, 0x0000000089400000, 0x0000000089500000|  0%| F|  |TAMS 0x0000000089400000, 0x0000000089400000| Untracked 
| 149|0x0000000089500000, 0x0000000089500000, 0x0000000089600000|  0%| F|  |TAMS 0x0000000089500000, 0x0000000089500000| Untracked 
| 150|0x0000000089600000, 0x0000000089600000, 0x0000000089700000|  0%| F|  |TAMS 0x0000000089600000, 0x0000000089600000| Untracked 
| 151|0x0000000089700000, 0x0000000089700000, 0x0000000089800000|  0%| F|  |TAMS 0x0000000089700000, 0x0000000089700000| Untracked 
| 152|0x0000000089800000, 0x0000000089800000, 0x0000000089900000|  0%| F|  |TAMS 0x0000000089800000, 0x0000000089800000| Untracked 
| 153|0x0000000089900000, 0x0000000089900000, 0x0000000089a00000|  0%| F|  |TAMS 0x0000000089900000, 0x0000000089900000| Untracked 
| 154|0x0000000089a00000, 0x0000000089a00000, 0x0000000089b00000|  0%| F|  |TAMS 0x0000000089a00000, 0x0000000089a00000| Untracked 
| 155|0x0000000089b00000, 0x0000000089b00000, 0x0000000089c00000|  0%| F|  |TAMS 0x0000000089b00000, 0x0000000089b00000| Untracked 
| 156|0x0000000089c00000, 0x0000000089c00000, 0x0000000089d00000|  0%| F|  |TAMS 0x0000000089c00000, 0x0000000089c00000| Untracked 
| 157|0x0000000089d00000, 0x0000000089d00000, 0x0000000089e00000|  0%| F|  |TAMS 0x0000000089d00000, 0x0000000089d00000| Untracked 
| 158|0x0000000089e00000, 0x0000000089e00000, 0x0000000089f00000|  0%| F|  |TAMS 0x0000000089e00000, 0x0000000089e00000| Untracked 
| 159|0x0000000089f00000, 0x0000000089f00000, 0x000000008a000000|  0%| F|  |TAMS 0x0000000089f00000, 0x0000000089f00000| Untracked 
| 160|0x000000008a000000, 0x000000008a000000, 0x000000008a100000|  0%| F|  |TAMS 0x000000008a000000, 0x000000008a000000| Untracked 
| 161|0x000000008a100000, 0x000000008a100000, 0x000000008a200000|  0%| F|  |TAMS 0x000000008a100000, 0x000000008a100000| Untracked 
| 162|0x000000008a200000, 0x000000008a200000, 0x000000008a300000|  0%| F|  |TAMS 0x000000008a200000, 0x000000008a200000| Untracked 
| 163|0x000000008a300000, 0x000000008a300000, 0x000000008a400000|  0%| F|  |TAMS 0x000000008a300000, 0x000000008a300000| Untracked 
| 164|0x000000008a400000, 0x000000008a400000, 0x000000008a500000|  0%| F|  |TAMS 0x000000008a400000, 0x000000008a400000| Untracked 
| 165|0x000000008a500000, 0x000000008a500000, 0x000000008a600000|  0%| F|  |TAMS 0x000000008a500000, 0x000000008a500000| Untracked 
| 166|0x000000008a600000, 0x000000008a600000, 0x000000008a700000|  0%| F|  |TAMS 0x000000008a600000, 0x000000008a600000| Untracked 
| 167|0x000000008a700000, 0x000000008a700000, 0x000000008a800000|  0%| F|  |TAMS 0x000000008a700000, 0x000000008a700000| Untracked 
| 168|0x000000008a800000, 0x000000008a800000, 0x000000008a900000|  0%| F|  |TAMS 0x000000008a800000, 0x000000008a800000| Untracked 
| 169|0x000000008a900000, 0x000000008a900000, 0x000000008aa00000|  0%| F|  |TAMS 0x000000008a900000, 0x000000008a900000| Untracked 
| 170|0x000000008aa00000, 0x000000008aa00000, 0x000000008ab00000|  0%| F|  |TAMS 0x000000008aa00000, 0x000000008aa00000| Untracked 
| 171|0x000000008ab00000, 0x000000008ab00000, 0x000000008ac00000|  0%| F|  |TAMS 0x000000008ab00000, 0x000000008ab00000| Untracked 
| 172|0x000000008ac00000, 0x000000008acde7c0, 0x000000008ad00000| 86%| E|  |TAMS 0x000000008ac00000, 0x000000008ac00000| Complete 
| 173|0x000000008ad00000, 0x000000008ae00000, 0x000000008ae00000|100%| E|CS|TAMS 0x000000008ad00000, 0x000000008ad00000| Complete 
| 174|0x000000008ae00000, 0x000000008af00000, 0x000000008af00000|100%| E|CS|TAMS 0x000000008ae00000, 0x000000008ae00000| Complete 
| 175|0x000000008af00000, 0x000000008b000000, 0x000000008b000000|100%| E|CS|TAMS 0x000000008af00000, 0x000000008af00000| Complete 
| 176|0x000000008b000000, 0x000000008b0ffaf8, 0x000000008b100000| 99%| E|  |TAMS 0x000000008b000000, 0x000000008b000000| Complete 
| 177|0x000000008b100000, 0x000000008b200000, 0x000000008b200000|100%| E|CS|TAMS 0x000000008b100000, 0x000000008b100000| Complete 
| 178|0x000000008b200000, 0x000000008b300000, 0x000000008b300000|100%| E|CS|TAMS 0x000000008b200000, 0x000000008b200000| Complete 
| 179|0x000000008b300000, 0x000000008b400000, 0x000000008b400000|100%| E|CS|TAMS 0x000000008b300000, 0x000000008b300000| Complete 
| 180|0x000000008b400000, 0x000000008b500000, 0x000000008b500000|100%| E|CS|TAMS 0x000000008b400000, 0x000000008b400000| Complete 
| 181|0x000000008b500000, 0x000000008b600000, 0x000000008b600000|100%| E|CS|TAMS 0x000000008b500000, 0x000000008b500000| Complete 
| 182|0x000000008b600000, 0x000000008b700000, 0x000000008b700000|100%| E|CS|TAMS 0x000000008b600000, 0x000000008b600000| Complete 
| 183|0x000000008b700000, 0x000000008b800000, 0x000000008b800000|100%| E|CS|TAMS 0x000000008b700000, 0x000000008b700000| Complete 
| 184|0x000000008b800000, 0x000000008b900000, 0x000000008b900000|100%| E|CS|TAMS 0x000000008b800000, 0x000000008b800000| Complete 

Card table byte_map: [0x00000200af920000,0x00000200afd20000] _byte_map_base: 0x00000200af520000

Marking Bits (Prev, Next): (CMBitMap*) 0x000002009ca62628, (CMBitMap*) 0x000002009ca62660
 Prev Bits: [0x00000200b0120000, 0x00000200b2120000)
 Next Bits: [0x00000200b2120000, 0x00000200b4120000)

Polling page: 0x000002009a9f0000

Metaspace:

Usage:
  Non-class:     84.85 MB capacity,    83.48 MB ( 98%) used,     1.11 MB (  1%) free+waste,   270.88 KB ( <1%) overhead. 
      Class:     13.18 MB capacity,    12.33 MB ( 94%) used,   746.66 KB (  6%) free+waste,   120.50 KB ( <1%) overhead. 
       Both:     98.03 MB capacity,    95.81 MB ( 98%) used,     1.84 MB (  2%) free+waste,   391.38 KB ( <1%) overhead. 

Virtual space:
  Non-class space:       86.00 MB reserved,      84.93 MB ( 99%) committed 
      Class space:        1.00 GB reserved,      13.20 MB (  1%) committed 
             Both:        1.08 GB reserved,      98.13 MB (  9%) committed 

Chunk freelists:
   Non-Class:  12.00 KB
       Class:  9.00 KB
        Both:  21.00 KB

MaxMetaspaceSize: 17179869184.00 GB
CompressedClassSpaceSize: 1.00 GB

CodeHeap 'non-profiled nmethods': size=120064Kb used=6814Kb max_used=6814Kb free=113249Kb
 bounds [0x00000200a7fe0000, 0x00000200a8690000, 0x00000200af520000]
CodeHeap 'profiled nmethods': size=120000Kb used=25378Kb max_used=25378Kb free=94621Kb
 bounds [0x00000200a0ab0000, 0x00000200a2380000, 0x00000200a7fe0000]
CodeHeap 'non-nmethods': size=5696Kb used=2299Kb max_used=2339Kb free=3396Kb
 bounds [0x00000200a0520000, 0x00000200a0790000, 0x00000200a0ab0000]
 total_blobs=12617 nmethods=11710 adapters=818
 compilation: enabled
              stopped_count=0, restarted_count=0
 full_count=0

Compilation events (20 events):
Event: 33.516 Thread 0x00000200b6654000 11799       3       com.android.tools.r8.origin.Origin::<init> (31 bytes)
Event: 33.517 Thread 0x00000200b6654000 nmethod 11799 0x00000200a2368c10 code [0x00000200a2368dc0, 0x00000200a2368f78]
Event: 33.525 Thread 0x00000200b6654000 11801       3       java.io.BufferedInputStream::<init> (32 bytes)
Event: 33.526 Thread 0x00000200b6654000 nmethod 11801 0x00000200a2369010 code [0x00000200a2369200, 0x00000200a2369688]
Event: 33.526 Thread 0x00000200b6654000 11802       3       java.io.BufferedInputStream::<init> (9 bytes)
Event: 33.527 Thread 0x00000200b6654000 nmethod 11802 0x00000200a2369810 code [0x00000200a2369a00, 0x00000200a2369f08]
Event: 33.534 Thread 0x00000200b6654000 11804       3       com.google.common.io.ByteStreams::toByteArray (20 bytes)
Event: 33.535 Thread 0x00000200b6654000 nmethod 11804 0x00000200a236a090 code [0x00000200a236a280, 0x00000200a236a778]
Event: 33.535 Thread 0x00000200b6654000 11805   !   3       java.nio.file.Files::isRegularFile (42 bytes)
Event: 33.536 Thread 0x00000200b6654000 nmethod 11805 0x00000200a236a990 code [0x00000200a236ac00, 0x00000200a236b858]
Event: 33.536 Thread 0x00000200b6654000 11806       3       com.android.builder.dexing.D8DiagnosticsHandler::getOrigin (65 bytes)
Event: 33.538 Thread 0x00000200b6654000 nmethod 11806 0x00000200a236bd10 code [0x00000200a236bfc0, 0x00000200a236ce18]
Event: 33.539 Thread 0x00000200b6654000 11809       3       com.google.common.io.ByteStreams::toByteArrayInternal (119 bytes)
Event: 33.541 Thread 0x00000200b6654000 nmethod 11809 0x00000200a236d310 code [0x00000200a236d560, 0x00000200a236ded8]
Event: 33.541 Thread 0x00000200b6654000 11807       3       com.android.tools.r8.utils.j$a::a (8 bytes)
Event: 33.542 Thread 0x00000200b6654000 nmethod 11807 0x00000200a236e210 code [0x00000200a236e460, 0x00000200a236ed98]
Event: 33.542 Thread 0x00000200b6654000 11808       3       com.android.builder.dexing.D8DexArchiveBuilder::lambda$convert$0 (19 bytes)
Event: 33.546 Thread 0x00000200b6654000 nmethod 11808 0x00000200a236f110 code [0x00000200a236f440, 0x00000200a2370888]
Event: 33.546 Thread 0x00000200b6654000 11810       3       com.android.tools.r8.BaseCommand$Builder$$Lambda$1106/0x0000000100d16c40::get$Lambda (11 bytes)
Event: 33.546 Thread 0x00000200b6654000 nmethod 11810 0x00000200a2371190 code [0x00000200a2371360, 0x00000200a2371678]

GC Heap History (20 events):
Event: 17.000 GC heap before
{Heap before GC invocations=11 (full 0):
 garbage-first heap   total 131072K, used 99640K [0x0000000080000000, 0x0000000100000000)
  region size 1024K, 59 young (60416K), 10 survivors (10240K)
 Metaspace       used 53959K, capacity 55312K, committed 55628K, reserved 1097728K
  class space    used 6942K, capacity 7433K, committed 7500K, reserved 1048576K
}
Event: 17.020 GC heap after
{Heap after GC invocations=12 (full 0):
 garbage-first heap   total 157696K, used 53330K [0x0000000080000000, 0x0000000100000000)
  region size 1024K, 4 young (4096K), 4 survivors (4096K)
 Metaspace       used 53959K, capacity 55312K, committed 55628K, reserved 1097728K
  class space    used 6942K, capacity 7433K, committed 7500K, reserved 1048576K
}
Event: 17.972 GC heap before
{Heap before GC invocations=12 (full 0):
 garbage-first heap   total 157696K, used 88146K [0x0000000080000000, 0x0000000100000000)
  region size 1024K, 40 young (40960K), 4 survivors (4096K)
 Metaspace       used 58797K, capacity 60151K, committed 60288K, reserved 1101824K
  class space    used 7550K, capacity 8065K, committed 8140K, reserved 1048576K
}
Event: 17.983 GC heap after
{Heap after GC invocations=13 (full 0):
 garbage-first heap   total 157696K, used 54588K [0x0000000080000000, 0x0000000100000000)
  region size 1024K, 5 young (5120K), 5 survivors (5120K)
 Metaspace       used 58797K, capacity 60151K, committed 60288K, reserved 1101824K
  class space    used 7550K, capacity 8065K, committed 8140K, reserved 1048576K
}
Event: 19.843 GC heap before
{Heap before GC invocations=14 (full 0):
 garbage-first heap   total 157696K, used 113980K [0x0000000080000000, 0x0000000100000000)
  region size 1024K, 64 young (65536K), 5 survivors (5120K)
 Metaspace       used 67012K, capacity 68513K, committed 68736K, reserved 1110016K
  class space    used 8511K, capacity 9098K, committed 9164K, reserved 1048576K
}
Event: 19.862 GC heap after
{Heap after GC invocations=15 (full 0):
 garbage-first heap   total 157696K, used 58420K [0x0000000080000000, 0x0000000100000000)
  region size 1024K, 6 young (6144K), 6 survivors (6144K)
 Metaspace       used 67012K, capacity 68513K, committed 68736K, reserved 1110016K
  class space    used 8511K, capacity 9098K, committed 9164K, reserved 1048576K
}
Event: 21.510 GC heap before
{Heap before GC invocations=16 (full 0):
 garbage-first heap   total 157696K, used 118836K [0x0000000080000000, 0x0000000100000000)
  region size 1024K, 64 young (65536K), 6 survivors (6144K)
 Metaspace       used 72477K, capacity 74032K, committed 74240K, reserved 1114112K
  class space    used 9201K, capacity 9792K, committed 9804K, reserved 1048576K
}
Event: 21.528 GC heap after
{Heap after GC invocations=17 (full 0):
 garbage-first heap   total 157696K, used 61681K [0x0000000080000000, 0x0000000100000000)
  region size 1024K, 8 young (8192K), 8 survivors (8192K)
 Metaspace       used 72477K, capacity 74032K, committed 74240K, reserved 1114112K
  class space    used 9201K, capacity 9792K, committed 9804K, reserved 1048576K
}
Event: 22.951 GC heap before
{Heap before GC invocations=17 (full 0):
 garbage-first heap   total 157696K, used 121073K [0x0000000080000000, 0x0000000100000000)
  region size 1024K, 66 young (67584K), 8 survivors (8192K)
 Metaspace       used 74904K, capacity 76658K, committed 76928K, reserved 1116160K
  class space    used 9480K, capacity 10131K, committed 10188K, reserved 1048576K
}
Event: 22.971 GC heap after
{Heap after GC invocations=18 (full 0):
 garbage-first heap   total 157696K, used 66112K [0x0000000080000000, 0x0000000100000000)
  region size 1024K, 8 young (8192K), 8 survivors (8192K)
 Metaspace       used 74904K, capacity 76658K, committed 76928K, reserved 1116160K
  class space    used 9480K, capacity 10131K, committed 10188K, reserved 1048576K
}
Event: 24.951 GC heap before
{Heap before GC invocations=18 (full 0):
 garbage-first heap   total 157696K, used 124480K [0x0000000080000000, 0x0000000100000000)
  region size 1024K, 65 young (66560K), 8 survivors (8192K)
 Metaspace       used 80997K, capacity 82858K, committed 83200K, reserved 1122304K
  class space    used 10473K, capacity 11207K, committed 11340K, reserved 1048576K
}
Event: 24.976 GC heap after
{Heap after GC invocations=19 (full 0):
 garbage-first heap   total 157696K, used 70503K [0x0000000080000000, 0x0000000100000000)
  region size 1024K, 9 young (9216K), 9 survivors (9216K)
 Metaspace       used 80997K, capacity 82858K, committed 83200K, reserved 1122304K
  class space    used 10473K, capacity 11207K, committed 11340K, reserved 1048576K
}
Event: 26.440 GC heap before
{Heap before GC invocations=19 (full 0):
 garbage-first heap   total 157696K, used 125799K [0x0000000080000000, 0x0000000100000000)
  region size 1024K, 63 young (64512K), 9 survivors (9216K)
 Metaspace       used 86879K, capacity 88824K, committed 89088K, reserved 1126400K
  class space    used 11304K, capacity 12042K, committed 12108K, reserved 1048576K
}
Event: 26.464 GC heap after
{Heap after GC invocations=20 (full 0):
 garbage-first heap   total 189440K, used 73458K [0x0000000080000000, 0x0000000100000000)
  region size 1024K, 7 young (7168K), 7 survivors (7168K)
 Metaspace       used 86879K, capacity 88824K, committed 89088K, reserved 1126400K
  class space    used 11304K, capacity 12042K, committed 12108K, reserved 1048576K
}
Event: 28.885 GC heap before
{Heap before GC invocations=20 (full 0):
 garbage-first heap   total 189440K, used 146162K [0x0000000080000000, 0x0000000100000000)
  region size 1024K, 79 young (80896K), 7 survivors (7168K)
 Metaspace       used 92101K, capacity 94345K, committed 94592K, reserved 1130496K
  class space    used 11897K, capacity 12734K, committed 12748K, reserved 1048576K
}
Event: 28.915 GC heap after
{Heap after GC invocations=21 (full 0):
 garbage-first heap   total 189440K, used 80669K [0x0000000080000000, 0x0000000100000000)
  region size 1024K, 10 young (10240K), 10 survivors (10240K)
 Metaspace       used 92101K, capacity 94345K, committed 94592K, reserved 1130496K
  class space    used 11897K, capacity 12734K, committed 12748K, reserved 1048576K
}
Event: 30.821 GC heap before
{Heap before GC invocations=21 (full 0):
 garbage-first heap   total 189440K, used 148253K [0x0000000080000000, 0x0000000100000000)
  region size 1024K, 77 young (78848K), 10 survivors (10240K)
 Metaspace       used 92738K, capacity 94994K, committed 95232K, reserved 1132544K
  class space    used 11932K, capacity 12783K, committed 12876K, reserved 1048576K
}
Event: 30.861 GC heap after
{Heap after GC invocations=22 (full 0):
 garbage-first heap   total 189440K, used 85962K [0x0000000080000000, 0x0000000100000000)
  region size 1024K, 5 young (5120K), 5 survivors (5120K)
 Metaspace       used 92738K, capacity 94994K, committed 95232K, reserved 1132544K
  class space    used 11932K, capacity 12783K, committed 12876K, reserved 1048576K
}
Event: 32.079 GC heap before
{Heap before GC invocations=22 (full 0):
 garbage-first heap   total 189440K, used 150474K [0x0000000080000000, 0x0000000100000000)
  region size 1024K, 69 young (70656K), 5 survivors (5120K)
 Metaspace       used 96368K, capacity 98605K, committed 98816K, reserved 1134592K
  class space    used 12404K, capacity 13254K, committed 13388K, reserved 1048576K
}
Event: 32.098 GC heap after
{Heap after GC invocations=23 (full 0):
 garbage-first heap   total 189440K, used 90112K [0x0000000080000000, 0x0000000100000000)
  region size 1024K, 4 young (4096K), 4 survivors (4096K)
 Metaspace       used 96368K, capacity 98605K, committed 98816K, reserved 1134592K
  class space    used 12404K, capacity 13254K, committed 13388K, reserved 1048576K
}

Deoptimization events (20 events):
Event: 33.330 Thread 0x00000200b7e79000 Uncommon trap: trap_request=0xffffffc6 fr.pc=0x00000200a83d6ec0 relative=0x0000000000001100
Event: 33.330 Thread 0x00000200b7e79000 Uncommon trap: reason=bimorphic_or_optimized_type_check action=maybe_recompile pc=0x00000200a83d6ec0 method=java.util.zip.ZipFile.getZipEntry(Ljava/lang/String;[BILjava/util/function/Function;)Ljava/util/zip/ZipEntry; @ 108 c2
Event: 33.330 Thread 0x00000200b7e79000 DEOPT PACKING pc=0x00000200a83d6ec0 sp=0x000000de281fab50
Event: 33.330 Thread 0x00000200b7e79000 DEOPT UNPACKING pc=0x00000200a05465af sp=0x000000de281fab08 mode 2
Event: 33.330 Thread 0x00000200b7e79000 Uncommon trap: trap_request=0xffffffc6 fr.pc=0x00000200a83d6ec0 relative=0x0000000000001100
Event: 33.330 Thread 0x00000200b7e79000 Uncommon trap: reason=bimorphic_or_optimized_type_check action=maybe_recompile pc=0x00000200a83d6ec0 method=java.util.zip.ZipFile.getZipEntry(Ljava/lang/String;[BILjava/util/function/Function;)Ljava/util/zip/ZipEntry; @ 108 c2
Event: 33.330 Thread 0x00000200b7e79000 DEOPT PACKING pc=0x00000200a83d6ec0 sp=0x000000de281fab50
Event: 33.330 Thread 0x00000200b7e79000 DEOPT UNPACKING pc=0x00000200a05465af sp=0x000000de281fab08 mode 2
Event: 33.377 Thread 0x00000200b7e79000 Uncommon trap: trap_request=0xffffff4d fr.pc=0x00000200a8010a90 relative=0x0000000000000730
Event: 33.377 Thread 0x00000200b7e79000 Uncommon trap: reason=unstable_if action=reinterpret pc=0x00000200a8010a90 method=java.util.zip.ZipFile$Source.getEntryPos([BZ)I @ 105 c2
Event: 33.378 Thread 0x00000200b7e79000 DEOPT PACKING pc=0x00000200a8010a90 sp=0x000000de281f6ff0
Event: 33.378 Thread 0x00000200b7e79000 DEOPT UNPACKING pc=0x00000200a05465af sp=0x000000de281f6f90 mode 2
Event: 33.383 Thread 0x00000200bac85000 Uncommon trap: trap_request=0xffffff4d fr.pc=0x00000200a85c6134 relative=0x00000000000002f4
Event: 33.383 Thread 0x00000200bac85000 Uncommon trap: reason=unstable_if action=reinterpret pc=0x00000200a85c6134 method=com.google.common.util.concurrent.AbstractFuture.releaseWaiters()V @ 22 c2
Event: 33.383 Thread 0x00000200bac85000 DEOPT PACKING pc=0x00000200a85c6134 sp=0x000000de26bfbde0
Event: 33.383 Thread 0x00000200bac85000 DEOPT UNPACKING pc=0x00000200a05465af sp=0x000000de26bfbca0 mode 2
Event: 33.384 Thread 0x00000200bac85000 Uncommon trap: trap_request=0xffffff4d fr.pc=0x00000200a85f3a5c relative=0x000000000000101c
Event: 33.384 Thread 0x00000200bac85000 Uncommon trap: reason=unstable_if action=reinterpret pc=0x00000200a85f3a5c method=java.util.concurrent.ConcurrentHashMap.putVal(Ljava/lang/Object;Ljava/lang/Object;Z)Ljava/lang/Object; @ 97 c2
Event: 33.384 Thread 0x00000200bac85000 DEOPT PACKING pc=0x00000200a85f3a5c sp=0x000000de26bfbef0
Event: 33.384 Thread 0x00000200bac85000 DEOPT UNPACKING pc=0x00000200a05465af sp=0x000000de26bfbe88 mode 2

Classes redefined (0 events):
No events

Internal exceptions (20 events):
Event: 27.438 Thread 0x00000200b74cb800 Exception <a 'java/lang/NoSuchMethodError'{0x0000000089313e88}: <clinit>> (0x0000000089313e88) thrown at [./src/hotspot/share/prims/jni.cpp, line 1362]
Event: 27.445 Thread 0x00000200b74cb800 Exception <a 'java/lang/NoSuchMethodError'{0x0000000089341c08}: <clinit>> (0x0000000089341c08) thrown at [./src/hotspot/share/prims/jni.cpp, line 1362]
Event: 27.448 Thread 0x00000200b74cb800 Exception <a 'java/lang/NoSuchMethodError'{0x000000008938a310}: <clinit>> (0x000000008938a310) thrown at [./src/hotspot/share/prims/jni.cpp, line 1362]
Event: 27.450 Thread 0x00000200b74cb800 Exception <a 'java/lang/NoSuchMethodError'{0x000000008938ba68}: <clinit>> (0x000000008938ba68) thrown at [./src/hotspot/share/prims/jni.cpp, line 1362]
Event: 27.494 Thread 0x00000200b90d3800 Exception <a 'java/lang/IncompatibleClassChangeError'{0x00000000891b5498}: Found class java.lang.Object, but interface was expected> (0x00000000891b5498) thrown at [./src/hotspot/share/interpreter/linkResolver.cpp, line 839]
Event: 27.500 Thread 0x00000200b7e77800 Exception <a 'java/lang/NoSuchMethodError'{0x00000000891865c8}: <clinit>> (0x00000000891865c8) thrown at [./src/hotspot/share/prims/jni.cpp, line 1362]
Event: 27.505 Thread 0x00000200b7e77800 Exception <a 'java/lang/NoSuchMethodError'{0x000000008919b7f8}: <clinit>> (0x000000008919b7f8) thrown at [./src/hotspot/share/prims/jni.cpp, line 1362]
Event: 27.511 Thread 0x00000200b7e77800 Exception <a 'java/lang/NoSuchMethodError'{0x0000000088f161d0}: <clinit>> (0x0000000088f161d0) thrown at [./src/hotspot/share/prims/jni.cpp, line 1362]
Event: 27.548 Thread 0x00000200b90d3800 Exception <a 'java/lang/NoSuchMethodError'{0x0000000088e35ed8}: 'java.lang.Object java.lang.invoke.DirectMethodHandle$Holder.invokeInterface(java.lang.Object, java.lang.Object, int)'> (0x0000000088e35ed8) thrown at [./src/hotspot/share/interpreter/linkResolver.cpp, line 773]
Event: 27.549 Thread 0x00000200b74cb800 Exception <a 'java/lang/NoSuchMethodError'{0x0000000088ec3638}: <clinit>> (0x0000000088ec3638) thrown at [./src/hotspot/share/prims/jni.cpp, line 1362]
Event: 27.554 Thread 0x00000200b90d3800 Exception <a 'java/lang/NoSuchMethodError'{0x0000000088e4b780}: 'void java.lang.invoke.DirectMethodHandle$Holder.invokeStatic(java.lang.Object, java.lang.Object, java.lang.Object, int)'> (0x0000000088e4b780) thrown at [./src/hotspot/share/interpreter/linkResolver.cpp, line 773]
Event: 27.711 Thread 0x00000200b90d3800 Exception <a 'java/lang/IncompatibleClassChangeError'{0x0000000088da3b50}: Found class java.lang.Object, but interface was expected> (0x0000000088da3b50) thrown at [./src/hotspot/share/interpreter/linkResolver.cpp, line 839]
Event: 27.719 Thread 0x00000200b90d3800 Exception <a 'java/lang/IncompatibleClassChangeError'{0x0000000088dcc9d8}: Found class java.lang.Object, but interface was expected> (0x0000000088dcc9d8) thrown at [./src/hotspot/share/interpreter/linkResolver.cpp, line 839]
Event: 27.775 Thread 0x00000200b90d3800 Exception <a 'java/lang/NoSuchMethodError'{0x0000000088a61718}: 'int java.lang.invoke.DirectMethodHandle$Holder.invokeStaticInit(java.lang.Object, java.lang.Object, java.lang.Object, java.lang.Object, java.lang.Object)'> (0x0000000088a61718) thrown at [./src/hotspot/share/interpreter/linkResolver.cpp, line 773]
Event: 28.227 Thread 0x00000200b90d3800 Exception <a 'java/lang/NoSuchMethodError'{0x00000000880ec628}: 'void java.lang.invoke.DirectMethodHandle$Holder.invokeStatic(java.lang.Object, java.lang.Object, java.lang.Object, java.lang.Object, int, java.lang.Object, java.lang.Object)'> (0x00000000880ec628) thrown at [./src/hotspot/share/interpreter/linkResolver.cpp, line 773]
Event: 28.252 Thread 0x00000200b9137800 Implicit null exception at 0x00000200a8545d7b to 0x00000200a85465bc
Event: 28.288 Thread 0x00000200b9135000 Exception <a 'java/lang/NoSuchMethodError'{0x0000000087bfc148}: 'java.lang.Object java.lang.invoke.DirectMethodHandle$Holder.invokeSpecialIFC(java.lang.Object, java.lang.Object, java.lang.Object)'> (0x0000000087bfc148) thrown at [./src/hotspot/share/interpreter/linkResolver.cpp, line 773]
Event: 28.704 Thread 0x00000200b912e800 Implicit null exception at 0x00000200a856d7e7 to 0x00000200a856ecd0
Event: 33.297 Thread 0x00000200b9139000 Exception <a 'java/lang/NoSuchMethodError'{0x00000000888da318}: 'void java.lang.invoke.DirectMethodHandle$Holder.invokeStatic(java.lang.Object, java.lang.Object, java.lang.Object, java.lang.Object, java.lang.Object, java.lang.Object, java.lang.Object)'> (0x00000000888da318) thrown at [./src/hotspot/share/interpreter/linkResolver.cpp, line 773]
Event: 33.299 Thread 0x00000200bac85000 Exception <a 'java/lang/NoSuchMethodError'{0x00000000888c65d8}: 'void java.lang.invoke.DirectMethodHandle$Holder.invokeStatic(java.lang.Object, java.lang.Object, java.lang.Object, java.lang.Object, java.lang.Object, java.lang.Object, java.lang.Object)'> (0x00000000888c65d8) thrown at [./src/hotspot/share/interpreter/linkResolver.cpp, line 773]

Events (20 events):
Event: 33.549 loading class com/android/tools/r8/AssertionsConfiguration
Event: 33.549 loading class com/android/tools/r8/AssertionsConfiguration done
Event: 33.550 loading class com/android/tools/r8/AssertionsConfiguration$Builder
Event: 33.550 loading class com/android/tools/r8/AssertionsConfiguration$Builder done
Event: 33.550 loading class com/android/tools/r8/AssertionsConfiguration$AssertionTransformation
Event: 33.550 loading class com/android/tools/r8/AssertionsConfiguration$AssertionTransformation done
Event: 33.551 loading class com/android/tools/r8/AssertionsConfiguration$a
Event: 33.551 loading class com/android/tools/r8/AssertionsConfiguration$a done
Event: 33.556 loading class com/android/tools/r8/ClassFileResourceProvider
Event: 33.556 loading class com/android/tools/r8/ClassFileResourceProvider done
Event: 33.557 loading class com/android/tools/r8/BaseCommand$Builder
Event: 33.557 loading class com/android/tools/r8/BaseCommand$Builder done
Event: 33.557 loading class com/android/tools/r8/utils/z
Event: 33.557 loading class com/android/tools/r8/utils/z done
Event: 33.558 loading class com/android/tools/r8/ClassFileResourceProvider
Event: 33.558 loading class com/android/tools/r8/ClassFileResourceProvider done
Event: 33.559 loading class com/android/tools/r8/BaseCommand$Builder
Event: 33.559 loading class com/android/tools/r8/BaseCommand$Builder done
Event: 33.559 loading class com/android/tools/r8/internal/vC0
Event: 33.559 loading class com/android/tools/r8/internal/vC0 done


Dynamic libraries:
0x00007ff7d3580000 - 0x00007ff7d358a000 	C:\Program Files\Android\Android Studio\jre\bin\java.exe
0x00007fff16fb0000 - 0x00007fff171a5000 	C:\WINDOWS\SYSTEM32\ntdll.dll
0x00007ffef6330000 - 0x00007ffef6346000 	C:\Program Files\AVG\Antivirus\aswhook.dll
0x00007fff153d0000 - 0x00007fff1548e000 	C:\WINDOWS\System32\KERNEL32.DLL
0x00007fff14bc0000 - 0x00007fff14e88000 	C:\WINDOWS\System32\KERNELBASE.dll
0x00007fff14ac0000 - 0x00007fff14bc0000 	C:\WINDOWS\System32\ucrtbase.dll
0x00007fff0f580000 - 0x00007fff0f597000 	C:\Program Files\Android\Android Studio\jre\bin\VCRUNTIME140.dll
0x00007fff0f560000 - 0x00007fff0f579000 	C:\Program Files\Android\Android Studio\jre\bin\jli.dll
0x00007fff16450000 - 0x00007fff165f1000 	C:\WINDOWS\System32\USER32.dll
0x00007fff148a0000 - 0x00007fff148c2000 	C:\WINDOWS\System32\win32u.dll
0x00007fff161b0000 - 0x00007fff161db000 	C:\WINDOWS\System32\GDI32.dll
0x00007fff00960000 - 0x00007fff00bfa000 	C:\WINDOWS\WinSxS\amd64_microsoft.windows.common-controls_6595b64144ccf1df_6.0.19041.1110_none_60b5254171f9507e\COMCTL32.dll
0x00007fff146c0000 - 0x00007fff147cd000 	C:\WINDOWS\System32\gdi32full.dll
0x00007fff16950000 - 0x00007fff169ee000 	C:\WINDOWS\System32\msvcrt.dll
0x00007fff14800000 - 0x00007fff1489d000 	C:\WINDOWS\System32\msvcp_win.dll
0x00007fff152d0000 - 0x00007fff15300000 	C:\WINDOWS\System32\IMM32.DLL
0x00007ffef0a80000 - 0x00007ffef0b1d000 	C:\Program Files\Android\Android Studio\jre\bin\msvcp140.dll
0x00007ffecdb40000 - 0x00007ffece615000 	C:\Program Files\Android\Android Studio\jre\bin\server\jvm.dll
0x00007fff16100000 - 0x00007fff161ae000 	C:\WINDOWS\System32\ADVAPI32.dll
0x00007fff15500000 - 0x00007fff1559c000 	C:\WINDOWS\System32\sechost.dll
0x00007fff162c0000 - 0x00007fff163e5000 	C:\WINDOWS\System32\RPCRT4.dll
0x00007fff16f60000 - 0x00007fff16f68000 	C:\WINDOWS\System32\PSAPI.DLL
0x00007fff05c20000 - 0x00007fff05c29000 	C:\WINDOWS\SYSTEM32\WSOCK32.dll
0x00007fff169f0000 - 0x00007fff16a5b000 	C:\WINDOWS\System32\WS2_32.dll
0x00007ffefb2c0000 - 0x00007ffefb2e7000 	C:\WINDOWS\SYSTEM32\WINMM.dll
0x00007fff0e0d0000 - 0x00007fff0e0da000 	C:\WINDOWS\SYSTEM32\VERSION.dll
0x00007fff125b0000 - 0x00007fff125c2000 	C:\WINDOWS\SYSTEM32\kernel.appcore.dll
0x00007fff10190000 - 0x00007fff101a1000 	C:\Program Files\Android\Android Studio\jre\bin\verify.dll
0x00007fff0c5d0000 - 0x00007fff0c7b4000 	C:\WINDOWS\SYSTEM32\DBGHELP.DLL
0x00007fff0c530000 - 0x00007fff0c55c000 	C:\WINDOWS\SYSTEM32\dbgcore.DLL
0x00007fff148d0000 - 0x00007fff14952000 	C:\WINDOWS\System32\bcryptPrimitives.dll
0x00007fff10160000 - 0x00007fff10189000 	C:\Program Files\Android\Android Studio\jre\bin\java.dll
0x00007fff10150000 - 0x00007fff1015b000 	C:\Program Files\Android\Android Studio\jre\bin\jimage.dll
0x00007fff10130000 - 0x00007fff10148000 	C:\Program Files\Android\Android Studio\jre\bin\zip.dll
0x00007fff159b0000 - 0x00007fff160f4000 	C:\WINDOWS\System32\SHELL32.dll
0x00007fff127b0000 - 0x00007fff12f45000 	C:\WINDOWS\SYSTEM32\windows.storage.dll
0x00007fff155a0000 - 0x00007fff158f5000 	C:\WINDOWS\System32\combase.dll
0x00007fff14110000 - 0x00007fff1413e000 	C:\WINDOWS\SYSTEM32\Wldp.dll
0x00007fff15220000 - 0x00007fff152cd000 	C:\WINDOWS\System32\SHCORE.dll
0x00007fff163f0000 - 0x00007fff16445000 	C:\WINDOWS\System32\shlwapi.dll
0x00007fff14600000 - 0x00007fff1461f000 	C:\WINDOWS\SYSTEM32\profapi.dll
0x00007fff10110000 - 0x00007fff1012a000 	C:\Program Files\Android\Android Studio\jre\bin\net.dll
0x00007fff066a0000 - 0x00007fff067ac000 	C:\WINDOWS\SYSTEM32\WINHTTP.dll
0x00007fff13e70000 - 0x00007fff13eda000 	C:\WINDOWS\system32\mswsock.dll
0x00007fff100f0000 - 0x00007fff10104000 	C:\Program Files\Android\Android Studio\jre\bin\nio.dll
0x00007fff0c5a0000 - 0x00007fff0c5c7000 	C:\Users\Paulo Victor\.gradle\native\e1d6ef7f7dcc3fd88c89a11ec53ec762bb8ba0a96d01ffa2cd45eb1d1d8dd5c5\windows-amd64\native-platform.dll
0x00007ffedec50000 - 0x00007ffeded94000 	C:\Users\Paulo Victor\.gradle\native\5664cfc778a61ccfe75a443a1ab52a65af34e5dc3c78e0209fed803814484fcb\windows-amd64\native-platform-file-events.dll
0x00007fff100e0000 - 0x00007fff100ea000 	C:\Program Files\Android\Android Studio\jre\bin\management.dll
0x00007fff100d0000 - 0x00007fff100dd000 	C:\Program Files\Android\Android Studio\jre\bin\management_ext.dll
0x00007fff14060000 - 0x00007fff14078000 	C:\WINDOWS\SYSTEM32\CRYPTSP.dll
0x00007fff13780000 - 0x00007fff137b4000 	C:\WINDOWS\system32\rsaenh.dll
0x00007fff147d0000 - 0x00007fff147f7000 	C:\WINDOWS\System32\bcrypt.dll
0x00007fff145c0000 - 0x00007fff145ee000 	C:\WINDOWS\SYSTEM32\USERENV.dll
0x00007fff14080000 - 0x00007fff1408c000 	C:\WINDOWS\SYSTEM32\CRYPTBASE.dll
0x00007fff13b10000 - 0x00007fff13b4b000 	C:\WINDOWS\SYSTEM32\IPHLPAPI.DLL
0x00007fff16730000 - 0x00007fff16738000 	C:\WINDOWS\System32\NSI.dll
0x00007fff08240000 - 0x00007fff08257000 	C:\WINDOWS\SYSTEM32\dhcpcsvc6.DLL
0x00007fff08980000 - 0x00007fff0899d000 	C:\WINDOWS\SYSTEM32\dhcpcsvc.DLL
0x00007fff13b60000 - 0x00007fff13c2b000 	C:\WINDOWS\SYSTEM32\DNSAPI.dll

dbghelp: loaded successfully - version: 4.0.5 - missing functions: none
symbol engine: initialized successfully - sym options: 0x614 - pdb path: .;C:\Program Files\Android\Android Studio\jre\bin;C:\WINDOWS\SYSTEM32;C:\Program Files\AVG\Antivirus;C:\WINDOWS\WinSxS\amd64_microsoft.windows.common-controls_6595b64144ccf1df_6.0.19041.1110_none_60b5254171f9507e;C:\Program Files\Android\Android Studio\jre\bin\server;C:\Users\Paulo Victor\.gradle\native\e1d6ef7f7dcc3fd88c89a11ec53ec762bb8ba0a96d01ffa2cd45eb1d1d8dd5c5\windows-amd64;C:\Users\Paulo Victor\.gradle\native\5664cfc778a61ccfe75a443a1ab52a65af34e5dc3c78e0209fed803814484fcb\windows-amd64

VM Arguments:
jvm_args: --add-opens=java.base/java.util=ALL-UNNAMED --add-opens=java.base/java.lang=ALL-UNNAMED --add-opens=java.base/java.lang.invoke=ALL-UNNAMED --add-opens=java.base/java.util=ALL-UNNAMED --add-opens=java.prefs/java.util.prefs=ALL-UNNAMED --add-opens=java.prefs/java.util.prefs=ALL-UNNAMED --add-opens=java.base/java.nio.charset=ALL-UNNAMED --add-opens=java.base/java.net=ALL-UNNAMED --add-opens=java.base/java.util.concurrent.atomic=ALL-UNNAMED -Xmx2048m -Dfile.encoding=UTF-8 -Duser.country=US -Duser.language=en -Duser.variant 
java_command: org.gradle.launcher.daemon.bootstrap.GradleDaemon 7.2
java_class_path (initial): C:\Users\Paulo Victor\.gradle\wrapper\dists\gradle-7.2-bin\2dnblmf4td7x66yl1d74lt32g\gradle-7.2\lib\gradle-launcher-7.2.jar
Launcher Type: SUN_STANDARD

[Global flags]
     intx CICompilerCount                          = 3                                         {product} {ergonomic}
     uint ConcGCThreads                            = 1                                         {product} {ergonomic}
     uint G1ConcRefinementThreads                  = 4                                         {product} {ergonomic}
   size_t G1HeapRegionSize                         = 1048576                                   {product} {ergonomic}
    uintx GCDrainStackTargetSize                   = 64                                        {product} {ergonomic}
   size_t InitialHeapSize                          = 134217728                                 {product} {ergonomic}
   size_t MarkStackSize                            = 4194304                                   {product} {ergonomic}
   size_t MaxHeapSize                              = 2147483648                                {product} {command line}
   size_t MaxNewSize                               = 1287651328                                {product} {ergonomic}
   size_t MinHeapDeltaBytes                        = 1048576                                   {product} {ergonomic}
    uintx NonNMethodCodeHeapSize                   = 5830732                                {pd product} {ergonomic}
    uintx NonProfiledCodeHeapSize                  = 122913754                              {pd product} {ergonomic}
    uintx ProfiledCodeHeapSize                     = 122913754                              {pd product} {ergonomic}
    uintx ReservedCodeCacheSize                    = 251658240                              {pd product} {ergonomic}
     bool SegmentedCodeCache                       = true                                      {product} {ergonomic}
     bool UseCompressedClassPointers               = true                                 {lp64_product} {ergonomic}
     bool UseCompressedOops                        = true                                 {lp64_product} {ergonomic}
     bool UseG1GC                                  = true                                      {product} {ergonomic}
     bool UseLargePagesIndividualAllocation        = false                                  {pd product} {ergonomic}

Logging:
Log output configuration:
 #0: stdout all=warning uptime,level,tags
 #1: stderr all=off uptime,level,tags

Environment Variables:
PATH=C:\WINDOWS\system32;C:\WINDOWS;C:\WINDOWS\System32\Wbem;C:\WINDOWS\System32\WindowsPowerShell\v1.0\;C:\WINDOWS\System32\OpenSSH\;C:\Program Files\Git\cmd;C:\Users\Paulo Victor\AppData\Local\Microsoft\WindowsApps;
USERNAME=Paulo Victor
OS=Windows_NT
PROCESSOR_IDENTIFIER=Intel64 Family 6 Model 58 Stepping 9, GenuineIntel



---------------  S Y S T E M  ---------------

OS: Windows 10 , 64 bit Build 19041 (10.0.19041.1466)
OS uptime: 0 days 3:08 hours

CPU:total 4 (initial active 4) (2 cores per cpu, 2 threads per core) family 6 model 58 stepping 9 microcode 0x21, cmov, cx8, fxsr, mmx, sse, sse2, sse3, ssse3, sse4.1, sse4.2, popcnt, avx, aes, clmul, erms, ht, tsc, tscinvbit, tscinv

Memory: 4k page, system-wide physical 8084M (390M free)
TotalPageFile size 11900M (AvailPageFile size 1M)
current process WorkingSet (physical memory assigned to process): 457M, peak: 457M
current process commit charge ("private bytes"): 487M, peak: 487M

vm_info: OpenJDK 64-Bit Server VM (11.0.11+9-b60-7590822) for windows-amd64 JRE (11.0.11+9-b60-7590822), built on Jul 29 2021 21:43:44 by "builder" with MS VC++ 14.0 (VS2015)

END.
